<?xml version="1.0" encoding="UTF-8"?>
<robot generator="Robot 7.3.2 (Python 3.13.7 on darwin)" generated="2025-09-09T16:48:21.885042" rpa="false" schemaversion="5">
<suite id="s1" name="Post Login Test" source="/Users/wesleylima/Documents/CompassUOL/sprint06/SeveRest/test_login/post_login_test.robot">
<test id="s1-t1" name="Teste de LogIn Válido Estático - Caso Base" line="31">
<kw name="Fazer LogIn Estático">
<kw name="Importar JSON estático">
<kw name="Get File" owner="OperatingSystem">
<msg time="2025-09-09T16:48:22.297636" level="INFO" html="true">Getting file '&lt;a href="file:///Users/wesleylima/Documents/CompassUOL/sprint06/SeveRest/resources/login.json"&gt;/Users/wesleylima/Documents/CompassUOL/sprint06/SeveRest/resources/login.json&lt;/a&gt;'.</msg>
<msg time="2025-09-09T16:48:22.299603" level="INFO">${arquivo} = {
    "login_valido":{
        "email":"fulano@qa.com",
        "password":"teste"
    },
    "login_not_signed":{
        "email":"randomnotvalid@qa.com",
        "password":"notvalid"
    },
    "lo...</msg>
<var>${arquivo}</var>
<arg>${EXECDIR}/resources/${nome_arquivo}</arg>
<doc>Returns the contents of a specified file.</doc>
<status status="PASS" start="2025-09-09T16:48:22.296973" elapsed="0.002824"/>
</kw>
<kw name="Evaluate" owner="BuiltIn">
<msg time="2025-09-09T16:48:22.300952" level="INFO">${data} = {'login_valido': {'email': 'fulano@qa.com', 'password': 'teste'}, 'login_not_signed': {'email': 'randomnotvalid@qa.com', 'password': 'notvalid'}, 'login_email_wrong': {'email': 'siclano@qa.com', 'pass...</msg>
<var>${data}</var>
<arg>json.loads('''${arquivo}''')</arg>
<arg>json</arg>
<doc>Evaluates the given expression in Python and returns the result.</doc>
<status status="PASS" start="2025-09-09T16:48:22.300230" elapsed="0.000872"/>
</kw>
<return>
<value>${data}</value>
<status status="PASS" start="2025-09-09T16:48:22.301280" elapsed="0.000182"/>
</return>
<msg time="2025-09-09T16:48:22.301777" level="INFO">${json} = {'login_valido': {'email': 'fulano@qa.com', 'password': 'teste'}, 'login_not_signed': {'email': 'randomnotvalid@qa.com', 'password': 'notvalid'}, 'login_email_wrong': {'email': 'siclano@qa.com', 'pass...</msg>
<var>${json}</var>
<arg>login.json</arg>
<status status="PASS" start="2025-09-09T16:48:22.294577" elapsed="0.007341"/>
</kw>
<kw name="Create Session" owner="RequestsLibrary">
<msg time="2025-09-09T16:48:22.302589" level="INFO">Creating Session using : alias=severest, url=http://localhost:3000/, headers={},                     cookies={}, auth=None, timeout=None, proxies=None, verify=False,                     debug=0 </msg>
<arg>severest</arg>
<arg>${BASEURL}</arg>
<doc>Create Session: create a HTTP session to a server</doc>
<status status="PASS" start="2025-09-09T16:48:22.302161" elapsed="0.001038"/>
</kw>
<kw name="Set Variable" owner="BuiltIn">
<msg time="2025-09-09T16:48:22.304768" level="INFO">${payload} = {'email': 'fulano@qa.com', 'password': 'teste'}</msg>
<var>${payload}</var>
<arg>${json["${testcase}"]}</arg>
<doc>Returns the given values which can then be assigned to a variables.</doc>
<status status="PASS" start="2025-09-09T16:48:22.303465" elapsed="0.001534"/>
</kw>
<kw name="Set Variable" owner="BuiltIn">
<msg time="2025-09-09T16:48:22.305683" level="INFO">${body} = {'email': 'fulano@qa.com', 'password': 'teste'}</msg>
<var>${body}</var>
<arg>${payload}</arg>
<doc>Returns the given values which can then be assigned to a variables.</doc>
<status status="PASS" start="2025-09-09T16:48:22.305275" elapsed="0.000547"/>
</kw>
<kw name="Log To Console" owner="BuiltIn">
<arg>${body}</arg>
<doc>Logs the given message to the console.</doc>
<status status="PASS" start="2025-09-09T16:48:22.306050" elapsed="0.000388"/>
</kw>
<kw name="POST On Session" owner="RequestsLibrary">
<msg time="2025-09-09T16:48:22.324431" level="INFO">POST Request : url=http://localhost:3000/login 
 path_url=/login 
 headers={'User-Agent': 'python-requests/2.32.5', 'Accept-Encoding': 'gzip, deflate', 'Accept': '*/*', 'Connection': 'keep-alive', 'Content-Length': '47', 'Content-Type': 'application/json'} 
 body=b'{"email": "fulano@qa.com", "password": "teste"}' 
 </msg>
<msg time="2025-09-09T16:48:22.324766" level="INFO">POST Response : url=http://localhost:3000/login 
 status=200, reason=OK 
 headers={'Access-Control-Allow-Origin': '*', 'x-dns-prefetch-control': 'off', 'x-frame-options': 'SAMEORIGIN', 'strict-transport-security': 'max-age=15552000; includeSubDomains', 'x-download-options': 'noopen', 'x-content-type-options': 'nosniff', 'x-xss-protection': '1; mode=block', 'Content-Type': 'application/json; charset=utf-8', 'Content-Length': '265', 'Date': 'Tue, 09 Sep 2025 19:48:22 GMT', 'Connection': 'keep-alive', 'Keep-Alive': 'timeout=5'} 
 body={
    "message": "Login realizado com sucesso",
    "authorization": "Bearer eyJhbGciOiJIUzI1NiIsInR5cCI6IkpXVCJ9.eyJlbWFpbCI6ImZ1bGFub0BxYS5jb20iLCJwYXNzd29yZCI6InRlc3RlIiwiaWF0IjoxNzU3NDQ3MzAyLCJleHAiOjE3NTc0NDc5MDJ9.FhVfgbxpcqmTPfC8TgL_6-1IDVIo7ZWjtRIOnJs84Lk"
} 
 </msg>
<msg time="2025-09-09T16:48:22.325092" level="INFO">${response} = &lt;Response [200]&gt;</msg>
<var>${response}</var>
<arg>severest</arg>
<arg>/login</arg>
<arg>json=${body}</arg>
<doc>Sends a POST request on a previously created HTTP Session.</doc>
<status status="PASS" start="2025-09-09T16:48:22.306686" elapsed="0.018563"/>
</kw>
<kw name="Should Be Equal As Integers" owner="BuiltIn">
<msg time="2025-09-09T16:48:22.326483" level="INFO">Argument types are:
&lt;class 'int'&gt;
&lt;class 'str'&gt;</msg>
<arg>${response.status_code}</arg>
<arg>200</arg>
<doc>Fails if objects are unequal after converting them to integers.</doc>
<status status="PASS" start="2025-09-09T16:48:22.325570" elapsed="0.001251"/>
</kw>
<kw name="Set Variable" owner="BuiltIn">
<msg time="2025-09-09T16:48:22.328020" level="INFO">${json} = {'message': 'Login realizado com sucesso', 'authorization': 'Bearer eyJhbGciOiJIUzI1NiIsInR5cCI6IkpXVCJ9.eyJlbWFpbCI6ImZ1bGFub0BxYS5jb20iLCJwYXNzd29yZCI6InRlc3RlIiwiaWF0IjoxNzU3NDQ3MzAyLCJleHAiOjE3NTc...</msg>
<var>${json}</var>
<arg>${response.json()}</arg>
<doc>Returns the given values which can then be assigned to a variables.</doc>
<status status="PASS" start="2025-09-09T16:48:22.327099" elapsed="0.001062"/>
</kw>
<arg>login_valido</arg>
<status status="PASS" start="2025-09-09T16:48:22.293227" elapsed="0.035122"/>
</kw>
<status status="PASS" start="2025-09-09T16:48:22.291069" elapsed="0.037805"/>
</test>
<test id="s1-t2" name="Teste de LogIn Válido Estático - Não Cadastrado" line="36">
<status status="FAIL" start="2025-09-09T16:48:22.329576" elapsed="0.001002">Test cannot be empty.</status>
</test>
<test id="s1-t3" name="Teste de LogIn Válido Estático - Email Errado" line="40">
<status status="FAIL" start="2025-09-09T16:48:22.332271" elapsed="0.001606">Test cannot be empty.</status>
</test>
<test id="s1-t4" name="Teste de LogIn Válido Estático - Email Faltando" line="44">
<status status="FAIL" start="2025-09-09T16:48:22.334638" elapsed="0.001063">Test cannot be empty.</status>
</test>
<test id="s1-t5" name="Teste de LogIn Válido Estático - Senha Errada" line="48">
<status status="FAIL" start="2025-09-09T16:48:22.336206" elapsed="0.001098">Test cannot be empty.</status>
</test>
<test id="s1-t6" name="Teste de LogIn Válido Estático - Senha Faltando" line="52">
<status status="FAIL" start="2025-09-09T16:48:22.337769" elapsed="0.000946">Test cannot be empty.</status>
</test>
<test id="s1-t7" name="Teste de LogIn Inválido Estático" line="56">
<status status="FAIL" start="2025-09-09T16:48:22.339256" elapsed="0.000869">Test cannot be empty.</status>
</test>
<status status="FAIL" start="2025-09-09T16:48:21.889453" elapsed="0.451915"/>
</suite>
<statistics>
<total>
<stat pass="1" fail="6" skip="0">All Tests</stat>
</total>
<tag>
</tag>
<suite>
<stat name="Post Login Test" id="s1" pass="1" fail="6" skip="0">Post Login Test</stat>
</suite>
</statistics>
<errors>
</errors>
</robot>
