<?xml version="1.0" encoding="UTF-8"?>
<robot generator="Robot 7.3.2 (Python 3.13.7 on darwin)" generated="2025-09-17T17:12:03.491167" rpa="false" schemaversion="5">
<suite id="s1" name="Signup" source="/Users/wesleylima/Documents/CompassUOL/sprint07/testes_mark85/tests/signup.robot">
<test id="s1-t1" name="Deve poder cadastrar um novo usuário" line="15">
<kw name="Set Variable" owner="BuiltIn">
<msg time="2025-09-17T17:12:03.834104" level="INFO">${NAME} = Wes Lima</msg>
<var>${NAME}</var>
<arg>Wes Lima</arg>
<doc>Returns the given values which can then be assigned to a variables.</doc>
<status status="PASS" start="2025-09-17T17:12:03.833956" elapsed="0.000170"/>
</kw>
<kw name="Set Variable" owner="BuiltIn">
<msg time="2025-09-17T17:12:03.834309" level="INFO">${EMAIL} = email@email.com</msg>
<var>${EMAIL}</var>
<arg>email@email.com</arg>
<doc>Returns the given values which can then be assigned to a variables.</doc>
<status status="PASS" start="2025-09-17T17:12:03.834229" elapsed="0.000094"/>
</kw>
<kw name="Set Variable" owner="BuiltIn">
<msg time="2025-09-17T17:12:03.834451" level="INFO">${PASSWORD} = teste123</msg>
<var>${PASSWORD}</var>
<arg>teste123</arg>
<doc>Returns the given values which can then be assigned to a variables.</doc>
<status status="PASS" start="2025-09-17T17:12:03.834387" elapsed="0.000075"/>
</kw>
<kw name="Remove User From Database" owner="database">
<msg time="2025-09-17T17:12:04.671104" level="INFO">removing user by email@email.com</msg>
<arg>${EMAIL}</arg>
<status status="PASS" start="2025-09-17T17:12:03.834563" elapsed="0.837094"/>
</kw>
<kw name="Acessar URL" owner="base">
<kw name="New Browser" owner="Browser">
<msg time="2025-09-17T17:12:04.674698" level="INFO">{"browser": "chromium", "headless": false, "chromiumSandbox": false, "devtools": false, "handleSIGHUP": true, "handleSIGINT": true, "handleSIGTERM": true, "slowMo": 0.0, "timeout": 30000.0, "tracesDir": "/Users/wesleylima/Documents/CompassUOL/sprint07/testes_mark85/logs/browser/traces/temp/b004b299-08bf-4695-877e-b52a2261277c"}</msg>
<msg time="2025-09-17T17:12:04.700120" level="INFO">Starting Browser process /Library/Frameworks/Python.framework/Versions/3.13/lib/python3.13/site-packages/Browser/wrapper/index.js using at 127.0.0.1:57187</msg>
<msg time="2025-09-17T17:12:06.642614" level="INFO">Successfully created browser with options: {"browser":"chromium","headless":false,"chromiumSandbox":false,"devtools":false,"handleSIGHUP":true,"handleSIGINT":true,"handleSIGTERM":true,"slowMo":0,"timeout":30000,"tracesDir":"/Users/wesleylima/Documents/CompassUOL/sprint07/testes_mark85/logs/browser/traces/temp/b004b299-08bf-4695-877e-b52a2261277c"}</msg>
<arg>browser=chromium</arg>
<arg>headless=false</arg>
<tag>BrowserControl</tag>
<tag>Setter</tag>
<doc>Create a new playwright Browser with specified options.</doc>
<status status="PASS" start="2025-09-17T17:12:04.673451" elapsed="1.969337"/>
</kw>
<kw name="New Page" owner="Browser">
<msg time="2025-09-17T17:12:07.679128" level="INFO">Successfully initialized new page object and opened url: http://localhost:3000/signup</msg>
<msg time="2025-09-17T17:12:07.679216" level="INFO">No context was open. New context was automatically opened when this page is created.</msg>
<arg>http://localhost:3000/${url}</arg>
<tag>BrowserControl</tag>
<tag>Setter</tag>
<doc>Open a new Page.</doc>
<status status="PASS" start="2025-09-17T17:12:06.643023" elapsed="1.036347"/>
</kw>
<arg>signup</arg>
<status status="PASS" start="2025-09-17T17:12:04.672533" elapsed="3.006964"/>
</kw>
<kw name="Wait For Elements State" owner="Browser">
<msg time="2025-09-17T17:12:07.703788" level="INFO">Waited for Element with selector xpath=//h1 at state visible</msg>
<arg>xpath=//h1</arg>
<arg>visible</arg>
<arg>3</arg>
<tag>PageContent</tag>
<tag>Wait</tag>
<doc>Waits for the element found by ``selector`` to satisfy state option.</doc>
<status status="PASS" start="2025-09-17T17:12:07.679761" elapsed="0.024250"/>
</kw>
<kw name="Get Text" owner="Browser">
<msg time="2025-09-17T17:12:07.720415" level="INFO">Text: 'Faça seu cadastro'</msg>
<arg>xpath=//h1</arg>
<arg>equals</arg>
<arg>Faça seu cadastro</arg>
<tag>Assertion</tag>
<tag>Getter</tag>
<tag>PageContent</tag>
<doc>Returns text attribute of the element found by ``selector``.</doc>
<status status="PASS" start="2025-09-17T17:12:07.704277" elapsed="0.016253"/>
</kw>
<kw name="Fill Text" owner="Browser">
<msg time="2025-09-17T17:12:07.721156" level="INFO">Fills the text 'Wes Lima' in the given field.</msg>
<arg>xpath=//*[@id="name"]</arg>
<arg>${NAME}</arg>
<tag>PageContent</tag>
<tag>Setter</tag>
<doc>Clears and fills the given ``txt`` into the text field found by ``selector``.</doc>
<status status="PASS" start="2025-09-17T17:12:07.720696" elapsed="0.013831"/>
</kw>
<kw name="Fill Text" owner="Browser">
<msg time="2025-09-17T17:12:07.735211" level="INFO">Fills the text 'email@email.com' in the given field.</msg>
<arg>xpath=//*[@id="email"]</arg>
<arg>${EMAIL}</arg>
<tag>PageContent</tag>
<tag>Setter</tag>
<doc>Clears and fills the given ``txt`` into the text field found by ``selector``.</doc>
<status status="PASS" start="2025-09-17T17:12:07.734764" elapsed="0.007219"/>
</kw>
<kw name="Fill Text" owner="Browser">
<msg time="2025-09-17T17:12:07.742806" level="INFO">Fills the text 'teste123' in the given field.</msg>
<arg>xpath=//*[@id="password"]</arg>
<arg>${PASSWORD}</arg>
<tag>PageContent</tag>
<tag>Setter</tag>
<doc>Clears and fills the given ``txt`` into the text field found by ``selector``.</doc>
<status status="PASS" start="2025-09-17T17:12:07.742185" elapsed="0.006341"/>
</kw>
<kw name="Click" owner="Browser">
<msg time="2025-09-17T17:12:07.749036" level="INFO">Clicks the element 'id=buttonSignup'.</msg>
<arg>id=buttonSignup</arg>
<tag>PageContent</tag>
<tag>Setter</tag>
<doc>Simulates mouse click on the element found by ``selector``.</doc>
<status status="PASS" start="2025-09-17T17:12:07.748714" elapsed="0.042467"/>
</kw>
<kw name="Wait For Elements State" owner="Browser">
<msg time="2025-09-17T17:12:07.972656" level="INFO">Waited for Element with selector xpath=//*[@class="notice success"] at state visible</msg>
<arg>xpath=//*[@class="notice success"]</arg>
<arg>visible</arg>
<arg>3</arg>
<tag>PageContent</tag>
<tag>Wait</tag>
<doc>Waits for the element found by ``selector`` to satisfy state option.</doc>
<status status="PASS" start="2025-09-17T17:12:07.791462" elapsed="0.181327"/>
</kw>
<kw name="Get Text" owner="Browser">
<msg time="2025-09-17T17:12:07.979953" level="INFO">Text: 'Boas vindas ao Mark85, o seu gerenciador de tarefas.'</msg>
<arg>xpath=//*[@class="notice success"]</arg>
<arg>equals</arg>
<arg>Boas vindas ao Mark85, o seu gerenciador de tarefas.</arg>
<tag>Assertion</tag>
<tag>Getter</tag>
<tag>PageContent</tag>
<doc>Returns text attribute of the element found by ``selector``.</doc>
<status status="PASS" start="2025-09-17T17:12:07.972977" elapsed="0.007067"/>
</kw>
<kw name="Sleep" owner="BuiltIn">
<msg time="2025-09-17T17:12:12.980867" level="INFO">Slept 5 seconds.</msg>
<arg>5</arg>
<doc>Pauses the test executed for the given time.</doc>
<status status="PASS" start="2025-09-17T17:12:07.980237" elapsed="5.001066"/>
</kw>
<kw name="Close Browser" owner="Browser">
<msg time="2025-09-17T17:12:13.124931" level="INFO">Closed browser</msg>
<tag>BrowserControl</tag>
<tag>Setter</tag>
<doc>Closes the current browser.</doc>
<status status="PASS" start="2025-09-17T17:12:12.981930" elapsed="0.143135"/>
</kw>
<status status="PASS" start="2025-09-17T17:12:03.833166" elapsed="9.292120"/>
</test>
<status status="PASS" start="2025-09-17T17:12:03.491706" elapsed="9.636328"/>
</suite>
<statistics>
<total>
<stat pass="1" fail="0" skip="0">All Tests</stat>
</total>
<tag>
</tag>
<suite>
<stat name="Signup" id="s1" pass="1" fail="0" skip="0">Signup</stat>
</suite>
</statistics>
<errors>
</errors>
</robot>
